<?xml version="1.0" encoding="UTF-8"?>
<testng-results skipped="0" failed="1" ignored="0" total="2" passed="1">
  <reporter-output>
  </reporter-output>
  <suite name="SelenideAutoTests" duration-ms="35730" started-at="2021-04-08T22:18:38Z" finished-at="2021-04-08T22:19:14Z">
    <groups>
    </groups>
    <test name="TestLogin" duration-ms="14806" started-at="2021-04-08T22:18:38Z" finished-at="2021-04-08T22:18:53Z">
      <class name="ExampleTest">
        <test-method status="PASS" signature="setUp()[pri:0, instance:ExampleTest@53d1b9b3]" name="setUp" is-config="true" duration-ms="412" started-at="2021-04-08T22:18:38Z" finished-at="2021-04-08T22:18:39Z">
          <reporter-output>
          </reporter-output>
        </test-method> <!-- setUp -->
        <test-method status="PASS" signature="loginViaEmail()[pri:1, instance:ExampleTest@53d1b9b3]" name="loginViaEmail" duration-ms="10493" started-at="2021-04-08T22:18:39Z" description="Авторизация" finished-at="2021-04-08T22:18:49Z">
          <reporter-output>
          </reporter-output>
        </test-method> <!-- loginViaEmail -->
        <test-method status="PASS" signature="clearCookies()[pri:0, instance:ExampleTest@53d1b9b3]" name="clearCookies" is-config="true" duration-ms="2648" started-at="2021-04-08T22:18:49Z" finished-at="2021-04-08T22:18:52Z">
          <reporter-output>
          </reporter-output>
        </test-method> <!-- clearCookies -->
        <test-method status="PASS" signature="tearDown()[pri:0, instance:ExampleTest@53d1b9b3]" name="tearDown" is-config="true" duration-ms="854" started-at="2021-04-08T22:18:52Z" finished-at="2021-04-08T22:18:53Z">
          <reporter-output>
          </reporter-output>
        </test-method> <!-- tearDown -->
      </class> <!-- ExampleTest -->
    </test> <!-- TestLogin -->
    <test name="TestCatalog" duration-ms="20886" started-at="2021-04-08T22:18:53Z" finished-at="2021-04-08T22:19:14Z">
      <class name="SearchInCatalogTest">
        <test-method status="PASS" signature="setUp()[pri:0, instance:SearchInCatalogTest@ea9b7c6]" name="setUp" is-config="true" duration-ms="18" started-at="2021-04-08T22:18:53Z" finished-at="2021-04-08T22:18:53Z">
          <reporter-output>
          </reporter-output>
        </test-method> <!-- setUp -->
        <test-method status="FAIL" signature="searchAndCheckFavorites()[pri:2, instance:SearchInCatalogTest@ea9b7c6]" name="searchAndCheckFavorites" duration-ms="18802" started-at="2021-04-08T22:18:53Z" description="Поиск по каталогу, добавление в закладки" finished-at="2021-04-08T22:19:12Z">
          <exception class="com.codeborne.selenide.ex.ElementNotFound">
            <message>
              <![CDATA[Element not found {By.xpath: .//*[@class='addto-wishlist heart-empty heart_918494']}
Expected: visible or transparent]]>
            </message>
            <full-stacktrace>
              <![CDATA[Element not found {By.xpath: .//*[@class='addto-wishlist heart-empty heart_918494']}
Expected: visible or transparent
Screenshot: file:/C:/Users/Татьяна/IdeaProjects/SelenideBoilerplate-master/testing_try/build/reports/tests/1617920351595.0.png
Page source: file:/C:/Users/Татьяна/IdeaProjects/SelenideBoilerplate-master/testing_try/build/reports/tests/1617920351595.0.html
Timeout: 4 s.
Caused by: NoSuchElementException: no such element: Unable to locate element: {"method":"xpath","selector":".//*[@class='addto-wishlist heart-empty heart_918494']"}
at com.codeborne.selenide.impl.WebElementSource.createElementNotFoundError(WebElementSource.java:37)
at com.codeborne.selenide.impl.ElementFinder.createElementNotFoundError(ElementFinder.java:100)
at com.codeborne.selenide.impl.WebElementSource.checkCondition(WebElementSource.java:65)
at com.codeborne.selenide.impl.WebElementSource.findAndAssertElementIsInteractable(WebElementSource.java:87)
at com.codeborne.selenide.commands.Click.execute(Click.java:13)
at com.codeborne.selenide.commands.Click.execute(Click.java:9)
at com.codeborne.selenide.commands.Commands.execute(Commands.java:144)
at com.codeborne.selenide.impl.SelenideElementProxy.dispatchAndRetry(SelenideElementProxy.java:99)
at com.codeborne.selenide.impl.SelenideElementProxy.invoke(SelenideElementProxy.java:65)
at com.sun.proxy.$Proxy6.click(Unknown Source)
at app.pages.CatalogPage.searchAndCheckFavorites(CatalogPage.java:40)
at SearchInCatalogTest.searchAndCheckFavorites(SearchInCatalogTest.java:10)
at sun.reflect.NativeMethodAccessorImpl.invoke0(Native Method)
at sun.reflect.NativeMethodAccessorImpl.invoke(NativeMethodAccessorImpl.java:62)
at sun.reflect.DelegatingMethodAccessorImpl.invoke(DelegatingMethodAccessorImpl.java:43)
at java.lang.reflect.Method.invoke(Method.java:498)
at org.testng.internal.MethodInvocationHelper.invokeMethod(MethodInvocationHelper.java:124)
at org.testng.internal.Invoker.invokeMethod(Invoker.java:583)
at org.testng.internal.Invoker.invokeTestMethod(Invoker.java:719)
at org.testng.internal.Invoker.invokeTestMethods(Invoker.java:989)
at org.testng.internal.TestMethodWorker.invokeTestMethods(TestMethodWorker.java:125)
at org.testng.internal.TestMethodWorker.run(TestMethodWorker.java:109)
at org.testng.TestRunner.privateRun(TestRunner.java:648)
at org.testng.TestRunner.run(TestRunner.java:505)
at org.testng.SuiteRunner.runTest(SuiteRunner.java:455)
at org.testng.SuiteRunner.runSequentially(SuiteRunner.java:450)
at org.testng.SuiteRunner.privateRun(SuiteRunner.java:415)
at org.testng.SuiteRunner.run(SuiteRunner.java:364)
at org.testng.SuiteRunnerWorker.runSuite(SuiteRunnerWorker.java:52)
at org.testng.SuiteRunnerWorker.run(SuiteRunnerWorker.java:84)
at org.testng.TestNG.runSuitesSequentially(TestNG.java:1208)
at org.testng.TestNG.runSuitesLocally(TestNG.java:1137)
at org.testng.TestNG.runSuites(TestNG.java:1049)
at org.testng.TestNG.run(TestNG.java:1017)
at org.apache.maven.surefire.testng.TestNGExecutor.run(TestNGExecutor.java:283)
at org.apache.maven.surefire.testng.TestNGXmlTestSuite.execute(TestNGXmlTestSuite.java:75)
at org.apache.maven.surefire.testng.TestNGProvider.invoke(TestNGProvider.java:120)
at org.apache.maven.surefire.booter.ForkedBooter.invokeProviderInSameClassLoader(ForkedBooter.java:386)
at org.apache.maven.surefire.booter.ForkedBooter.runSuitesInProcess(ForkedBooter.java:323)
at org.apache.maven.surefire.booter.ForkedBooter.main(ForkedBooter.java:143)
Caused by: org.openqa.selenium.NoSuchElementException: no such element: Unable to locate element: {"method":"xpath","selector":".//*[@class='addto-wishlist heart-empty heart_918494']"}
  (Session info: chrome=90.0.4430.61)
For documentation on this error, please visit: https://www.seleniumhq.org/exceptions/no_such_element.html
Build info: version: '3.141.59', revision: 'e82be7d358', time: '2018-11-14T08:17:03'
System info: host: 'ТАТЬЯНА-ПК', ip: '192.168.56.1', os.name: 'Windows 7', os.arch: 'amd64', os.version: '6.1', java.version: '1.8.0_281'
Driver info: org.openqa.selenium.chrome.ChromeDriver
Capabilities {acceptInsecureCerts: false, browserName: chrome, browserVersion: 90.0.4430.61, chrome: {chromedriverVersion: 90.0.4430.24 (4c6d850f087da..., userDataDir: C:\Users\8C74~1\AppData\Loc...}, goog:chromeOptions: {debuggerAddress: localhost:53910}, javascriptEnabled: true, networkConnectionEnabled: false, pageLoadStrategy: eager, platform: WINDOWS, platformName: WINDOWS, proxy: Proxy(), setWindowRect: true, strictFileInteractability: false, timeouts: {implicit: 0, pageLoad: 300000, script: 30000}, unhandledPromptBehavior: dismiss and notify, webauthn:extension:largeBlob: true, webauthn:virtualAuthenticators: true}
Session ID: 4d0d2909bd74bd93359ed1b45dda28f3
*** Element info: {Using=xpath, value=.//*[@class='addto-wishlist heart-empty heart_918494']}
at sun.reflect.NativeConstructorAccessorImpl.newInstance0(Native Method)
at sun.reflect.NativeConstructorAccessorImpl.newInstance(NativeConstructorAccessorImpl.java:62)
at sun.reflect.DelegatingConstructorAccessorImpl.newInstance(DelegatingConstructorAccessorImpl.java:45)
at java.lang.reflect.Constructor.newInstance(Constructor.java:423)
at org.openqa.selenium.remote.http.W3CHttpResponseCodec.createException(W3CHttpResponseCodec.java:187)
at org.openqa.selenium.remote.http.W3CHttpResponseCodec.decode(W3CHttpResponseCodec.java:122)
at org.openqa.selenium.remote.http.W3CHttpResponseCodec.decode(W3CHttpResponseCodec.java:49)
at org.openqa.selenium.remote.HttpCommandExecutor.execute(HttpCommandExecutor.java:158)
at org.openqa.selenium.remote.service.DriverCommandExecutor.execute(DriverCommandExecutor.java:83)
at org.openqa.selenium.remote.RemoteWebDriver.execute(RemoteWebDriver.java:552)
at org.openqa.selenium.remote.RemoteWebDriver.findElement(RemoteWebDriver.java:323)
at org.openqa.selenium.remote.RemoteWebDriver.findElementByXPath(RemoteWebDriver.java:428)
at org.openqa.selenium.By$ByXPath.findElement(By.java:353)
at org.openqa.selenium.remote.RemoteWebDriver.findElement(RemoteWebDriver.java:315)
at com.codeborne.selenide.impl.WebElementSelector.findElement(WebElementSelector.java:28)
at com.codeborne.selenide.impl.ElementFinder.getWebElement(ElementFinder.java:74)
at com.codeborne.selenide.impl.WebElementSource.checkCondition(WebElementSource.java:50)
... 37 more
]]>
            </full-stacktrace>
          </exception> <!-- com.codeborne.selenide.ex.ElementNotFound -->
          <reporter-output>
          </reporter-output>
        </test-method> <!-- searchAndCheckFavorites -->
        <test-method status="PASS" signature="clearCookies()[pri:0, instance:SearchInCatalogTest@ea9b7c6]" name="clearCookies" is-config="true" duration-ms="1381" started-at="2021-04-08T22:19:12Z" finished-at="2021-04-08T22:19:13Z">
          <reporter-output>
          </reporter-output>
        </test-method> <!-- clearCookies -->
        <test-method status="PASS" signature="tearDown()[pri:0, instance:SearchInCatalogTest@ea9b7c6]" name="tearDown" is-config="true" duration-ms="664" started-at="2021-04-08T22:19:13Z" finished-at="2021-04-08T22:19:14Z">
          <reporter-output>
          </reporter-output>
        </test-method> <!-- tearDown -->
      </class> <!-- SearchInCatalogTest -->
    </test> <!-- TestCatalog -->
  </suite> <!-- SelenideAutoTests -->
</testng-results>
